[ 2017-05-14T11:10:04+08:00 ] 140.205.201.40 /index.php?m=member&c=index&a=register&siteid=1
INFO: [ app_init ] --START--
INFO: Run Behavior\BuildLiteBehavior [ RunTime:0.000010s ]
INFO: [ app_init ] --END-- [ RunTime:0.000063s ]
ERR: 无法加载模块:Member

[ 2017-05-14T11:10:05+08:00 ] 140.205.201.40 /index.php?m=wap&a=index&siteid=1
INFO: [ app_init ] --START--
INFO: Run Behavior\BuildLiteBehavior [ RunTime:0.000013s ]
INFO: [ app_init ] --END-- [ RunTime:0.000079s ]
ERR: 无法加载模块:Wap

[ 2017-05-14T13:30:04+08:00 ] 140.205.225.188 /index.php?m=member&c=index&a=register&siteid=1
INFO: [ app_init ] --START--
INFO: Run Behavior\BuildLiteBehavior [ RunTime:0.000010s ]
INFO: [ app_init ] --END-- [ RunTime:0.000069s ]
ERR: 无法加载模块:Member

[ 2017-05-14T13:30:04+08:00 ] 140.205.225.188 /index.php?m=wap&a=index&siteid=1
INFO: [ app_init ] --START--
INFO: Run Behavior\BuildLiteBehavior [ RunTime:0.000012s ]
INFO: [ app_init ] --END-- [ RunTime:0.000073s ]
ERR: 无法加载模块:Wap

[ 2017-05-14T14:12:47+08:00 ] 140.205.201.44 /index.php?m=member&c=index&a=register&siteid=1
INFO: [ app_init ] --START--
INFO: Run Behavior\BuildLiteBehavior [ RunTime:0.000013s ]
INFO: [ app_init ] --END-- [ RunTime:0.000096s ]
ERR: 无法加载模块:Member

[ 2017-05-14T14:13:13+08:00 ] 140.205.201.44 /index.php?m=wap&a=index&siteid=1
INFO: [ app_init ] --START--
INFO: Run Behavior\BuildLiteBehavior [ RunTime:0.000012s ]
INFO: [ app_init ] --END-- [ RunTime:0.000090s ]
ERR: 无法加载模块:Wap

[ 2017-05-14T14:34:25+08:00 ] 140.205.201.47 /index.php?m=wap&a=index&siteid=1
INFO: [ app_init ] --START--
INFO: Run Behavior\BuildLiteBehavior [ RunTime:0.000010s ]
INFO: [ app_init ] --END-- [ RunTime:0.000067s ]
ERR: 无法加载模块:Wap

[ 2017-05-14T17:46:16+08:00 ] 140.205.201.35 /index.php?m=member&c=index&a=register&siteid=1
INFO: [ app_init ] --START--
INFO: Run Behavior\BuildLiteBehavior [ RunTime:0.000008s ]
INFO: [ app_init ] --END-- [ RunTime:0.000065s ]
ERR: 无法加载模块:Member

[ 2017-05-14T17:46:25+08:00 ] 140.205.201.35 /index.php?m=wap&a=index&siteid=1
INFO: [ app_init ] --START--
INFO: Run Behavior\BuildLiteBehavior [ RunTime:0.000012s ]
INFO: [ app_init ] --END-- [ RunTime:0.000082s ]
ERR: 无法加载模块:Wap

[ 2017-05-14T17:47:37+08:00 ] 140.205.201.36 /index.php?m=member&c=index&a=register&siteid=1
INFO: [ app_init ] --START--
INFO: Run Behavior\BuildLiteBehavior [ RunTime:0.000015s ]
INFO: [ app_init ] --END-- [ RunTime:0.000098s ]
ERR: 无法加载模块:Member

[ 2017-05-14T17:47:39+08:00 ] 140.205.201.36 /index.php?m=wap&a=index&siteid=1
INFO: [ app_init ] --START--
INFO: Run Behavior\BuildLiteBehavior [ RunTime:0.000012s ]
INFO: [ app_init ] --END-- [ RunTime:0.000073s ]
ERR: 无法加载模块:Wap

